c:\users\george field\source\repos\visualiser engine restructure\visualiser engine restructure\debug\vc141.pdb
c:\users\george field\source\repos\visualiser engine restructure\visualiser engine restructure\debug\vc141.idb
c:\users\george field\source\repos\visualiser engine restructure\visualiser engine restructure\debug\sprite.obj
c:\users\george field\source\repos\visualiser engine restructure\visualiser engine restructure\debug\picopng.obj
c:\users\george field\source\repos\visualiser engine restructure\visualiser engine restructure\debug\maingame.obj
c:\users\george field\source\repos\visualiser engine restructure\visualiser engine restructure\debug\main.obj
c:\users\george field\source\repos\visualiser engine restructure\visualiser engine restructure\debug\iomanager.obj
c:\users\george field\source\repos\visualiser engine restructure\visualiser engine restructure\debug\glslprogram.obj
c:\users\george field\source\repos\visualiser engine restructure\visualiser engine restructure\debug\errors.obj
c:\users\george field\source\repos\visualiser engine restructure\visualiser engine restructure\debug\drawfunctions.obj
c:\users\george field\source\repos\visualiser engine restructure\visualiser engine restructure\debug\computeshader.obj
c:\users\george field\source\repos\visualiser engine restructure\visualiser engine restructure\debug\texturecache.obj
c:\users\george field\source\repos\visualiser engine restructure\visualiser engine restructure\debug\resourcemanager.obj
c:\users\george field\source\repos\visualiser engine restructure\visualiser engine restructure\debug\mytiming.obj
c:\users\george field\source\repos\visualiser engine restructure\visualiser engine restructure\debug\quad.obj
c:\users\george field\source\repos\visualiser engine restructure\debug\visualiser engine restructure.exe
c:\users\george field\source\repos\visualiser engine restructure\debug\visualiser engine restructure.ilk
c:\users\george field\source\repos\visualiser engine restructure\debug\visualiser engine restructure.pdb
c:\users\george field\source\repos\visualiser engine restructure\visualiser engine restructure\debug\visualis.3eb8fefa.tlog\cl.command.1.tlog
c:\users\george field\source\repos\visualiser engine restructure\visualiser engine restructure\debug\visualis.3eb8fefa.tlog\cl.read.1.tlog
c:\users\george field\source\repos\visualiser engine restructure\visualiser engine restructure\debug\visualis.3eb8fefa.tlog\cl.write.1.tlog
c:\users\george field\source\repos\visualiser engine restructure\visualiser engine restructure\debug\visualis.3eb8fefa.tlog\link.command.1.tlog
c:\users\george field\source\repos\visualiser engine restructure\visualiser engine restructure\debug\visualis.3eb8fefa.tlog\link.read.1.tlog
c:\users\george field\source\repos\visualiser engine restructure\visualiser engine restructure\debug\visualis.3eb8fefa.tlog\link.write.1.tlog
