C:\Program Files\Microsoft Visual Studio\2022\Community\MSBuild\Microsoft\VC\v170\Microsoft.CppBuild.targets(517,5): warning MSB8028: The intermediate directory (Debug\) contains files shared from another project (Visualiser.vcxproj).  This can lead to incorrect clean and rebuild behavior.
  NoteOnset.cpp
C:\Users\George\Documents\3rd year project\Project\Vengine\Viewport.h(18,14): warning C4244: '=': conversion from 'T' to 'int', possible loss of data
          with
          [
              T=float
          ]
C:\Users\George\Documents\3rd year project\Project\Vengine\Viewport.h(19,15): warning C4244: '=': conversion from 'T' to 'int', possible loss of data
          with
          [
              T=float
          ]
C:\Users\George\Documents\3rd year project\Project\Visualiser Engine Restructure\Tools.h(127,38): warning C4244: '*=': conversion from 'double' to 'T', possible loss of data
          with
          [
              T=float
          ]
C:\Users\George\Documents\3rd year project\Project\Visualiser Engine Restructure\Tools.h(128,39): warning C4244: '*=': conversion from 'double' to 'T', possible loss of data
          with
          [
              T=float
          ]
C:\Users\George\Documents\3rd year project\Project\Visualiser Engine Restructure\Tools.h(133,28): warning C4244: '*=': conversion from 'double' to 'T', possible loss of data
          with
          [
              T=float
          ]
C:\Users\George\Documents\3rd year project\Project\Visualiser Engine Restructure\Tools.h(134,29): warning C4244: '*=': conversion from 'double' to 'T', possible loss of data
          with
          [
              T=float
          ]
C:\Users\George\Documents\3rd year project\Project\Visualiser Engine Restructure\Tools.h(182,38): warning C4244: '/=': conversion from 'double' to 'T', possible loss of data
          with
          [
              T=float
          ]
C:\Users\George\Documents\3rd year project\Project\Visualiser Engine Restructure\Tools.h(183,39): warning C4244: '/=': conversion from 'double' to 'T', possible loss of data
          with
          [
              T=float
          ]
C:\Users\George\Documents\3rd year project\Project\Visualiser Engine Restructure\Tools.h(188,28): warning C4244: '/=': conversion from 'double' to 'T', possible loss of data
          with
          [
              T=float
          ]
C:\Users\George\Documents\3rd year project\Project\Visualiser Engine Restructure\Tools.h(189,29): warning C4244: '/=': conversion from 'double' to 'T', possible loss of data
          with
          [
              T=float
          ]
C:\Users\George\Documents\3rd year project\Project\Visualiser Engine Restructure\Kernels.h(43,36): warning C4244: 'argument': conversion from 'int' to 'float', possible loss of data
C:\Users\George\Documents\3rd year project\Project\Visualiser Engine Restructure\Kernels.h(50,26): warning C4244: 'argument': conversion from 'int' to 'float', possible loss of data
C:\Users\George\Documents\3rd year project\Project\Visualiser Engine Restructure\Threshold.h(55,22): warning C4018: '<': signed/unsigned mismatch
C:\Users\George\Documents\3rd year project\Project\Visualiser Engine Restructure\Threshold.h(79,50): warning C4244: 'argument': conversion from 'double' to 'float', possible loss of data
C:\Users\George\Documents\3rd year project\Project\Visualiser Engine Restructure\SPvars.h(42,43): warning C4305: 'initializing': truncation from 'double' to 'float'
C:\Users\George\Documents\3rd year project\Project\Visualiser Engine Restructure\FourierTransform.h(14,3): warning C4091: 'static ': ignored on left of 'FourierTransform::FunctionType' when no variable is declared
C:\Users\George\Documents\3rd year project\Project\Visualiser Engine Restructure\FourierTransform.h(33,9): warning C4305: 'initializing': truncation from 'double' to 'float'
C:\Users\George\Documents\3rd year project\Project\Visualiser Engine Restructure\FilterBank.h(22,15): warning C4244: 'initializing': conversion from 'int' to 'float', possible loss of data
C:\Users\George\Documents\3rd year project\Project\Visualiser Engine Restructure\FilterBank.h(32,23): warning C4244: '=': conversion from 'float' to 'int', possible loss of data
C:\Users\George\Documents\3rd year project\Project\Visualiser Engine Restructure\FilterBank.h(33,23): warning C4244: '=': conversion from 'float' to 'int', possible loss of data
C:\Users\George\Documents\3rd year project\Project\Visualiser Engine Restructure\MFCCs.h(43,25): warning C4244: 'argument': conversion from 'float' to 'int', possible loss of data
C:\Users\George\Documents\3rd year project\Project\Visualiser Engine Restructure\MFCCs.h(44,27): warning C4244: 'argument': conversion from 'float' to 'int', possible loss of data
C:\Users\George\Documents\3rd year project\Project\Visualiser Engine Restructure\MFCCs.h(56,25): warning C4244: 'argument': conversion from 'float' to 'int', possible loss of data
C:\Users\George\Documents\3rd year project\Project\Visualiser Engine Restructure\MFCCs.h(57,27): warning C4244: 'argument': conversion from 'float' to 'int', possible loss of data
C:\Users\George\Documents\3rd year project\Project\Visualiser Engine Restructure\SimilarityMatrixStructure.h(46,17): warning C4244: 'argument': conversion from 'float' to 'int', possible loss of data
C:\Users\George\Documents\3rd year project\Project\Visualiser Engine Restructure\SimilarityMatrixStructure.h(53,36): warning C4244: 'argument': conversion from 'float' to 'int', possible loss of data
C:\Users\George\Documents\3rd year project\Project\Visualiser Engine Restructure\SimMatrixStructs.h(9,2): warning C4091: 'static ': ignored on left of 'LinkedTo' when no variable is declared
C:\Users\George\Documents\3rd year project\Project\Visualiser Engine Restructure\SimMatrixStructs.h(14,2): warning C4091: 'static ': ignored on left of 'MeasureType' when no variable is declared
C:\Users\George\Documents\3rd year project\Project\Visualiser Engine Restructure\NoteOnset.h(26,3): warning C4091: 'static ': ignored on left of 'NoteOnset::DataExtractionAlg' when no variable is declared
C:\Users\George\Documents\3rd year project\Project\Visualiser Engine Restructure\NoteOnset.h(57,1): warning C4305: 'argument': truncation from 'double' to 'float'
C:\Users\George\Documents\3rd year project\Project\Visualiser Engine Restructure\NoteOnset.h(63,41): warning C4244: '=': conversion from 'double' to 'int', possible loss of data
C:\Users\George\Documents\3rd year project\Project\Visualiser Engine Restructure\NoteOnset.cpp(65,7): warning C4101: 'aboveThreshold': unreferenced local variable
C:\Users\George\Documents\3rd year project\Project\Visualiser Engine Restructure\NoteOnset.cpp(93,20): warning C4244: 'initializing': conversion from 'double' to 'float', possible loss of data
C:\Users\George\Documents\3rd year project\Project\Visualiser Engine Restructure\NoteOnset.cpp(112,20): warning C4244: 'initializing': conversion from 'double' to 'float', possible loss of data
C:\Users\George\Documents\3rd year project\Project\Visualiser Engine Restructure\NoteOnset.cpp(134,20): warning C4244: 'initializing': conversion from 'double' to 'float', possible loss of data
C:\Users\George\Documents\3rd year project\Project\Visualiser Engine Restructure\NoteOnset.cpp(160,35): warning C4305: 'initializing': truncation from 'double' to 'float'
C:\Users\George\Documents\3rd year project\Project\Visualiser Engine Restructure\NoteOnset.cpp(169,20): warning C4244: 'initializing': conversion from 'double' to 'float', possible loss of data
C:\Users\George\Documents\3rd year project\Project\Visualiser Engine Restructure\NoteOnset.cpp(207,47): warning C4244: 'return': conversion from 'double' to 'float', possible loss of data
C:\Users\George\Documents\3rd year project\Project\Visualiser Engine Restructure\NoteOnset.cpp(218,67): warning C4244: 'return': conversion from 'double' to 'float', possible loss of data
  Visualiser Engine Restructure.vcxproj -> C:\Users\George\Documents\3rd year project\Project\Debug\Visualiser Engine Restructure.exe
