  Audio.cpp
  ComputeShader.cpp
  DrawFunctions.cpp
  GLSLProgram.cpp
C:\Users\George\Documents\3rd year project\Project\Vengine\GLSLProgram.cpp(99,8): warning C4101: 'i': unreferenced local variable
C:\Users\George\Documents\3rd year project\Project\Vengine\GLSLProgram.cpp(158,20): warning C4018: '<': signed/unsigned mismatch
C:\Users\George\Documents\3rd year project\Project\Vengine\GLSLProgram.cpp(166,20): warning C4018: '<': signed/unsigned mismatch
  IOManager.cpp
C:\Users\George\Documents\3rd year project\Project\Vengine\IOManager.cpp(65,15): warning C4244: 'initializing': conversion from 'std::streamoff' to 'int', possible loss of data
C:\Users\George\Documents\3rd year project\Project\Vengine\IOManager.cpp(67,24): warning C4244: '-=': conversion from 'std::streamoff' to 'int', possible loss of data
  Model.cpp
C:\Users\George\Documents\3rd year project\Project\Vengine\Model.cpp(53,28): warning C4305: 'initializing': truncation from 'double' to 'float'
C:\Users\George\Documents\3rd year project\Project\Vengine\Model.cpp(90,28): warning C4305: 'initializing': truncation from 'double' to 'float'
  ResourceManager.cpp
  ShaderCache.cpp
  Sprite.cpp
  SpriteBatch.cpp
C:\Users\George\Documents\3rd year project\Project\Vengine\SpriteBatch.cpp(52,20): warning C4018: '<': signed/unsigned mismatch
C:\Users\George\Documents\3rd year project\Project\Vengine\SpriteBatch.cpp(57,21): warning C4018: '<': signed/unsigned mismatch
C:\Users\George\Documents\3rd year project\Project\Vengine\SpriteBatch.cpp(104,12): warning C4018: '<': signed/unsigned mismatch
  TextureCache.cpp
  Window.cpp
  Generating Code...
C:\Users\George\Documents\3rd year project\Project\Vengine\Sprite.cpp(34): warning C4715: 'getModelObject': not all control paths return a value
C:\Users\George\Documents\3rd year project\Project\Vengine\GLSLProgram.cpp(48): warning C4715: 'Vengine::GLSLProgram::compileShaders': not all control paths return a value
  Vengine.vcxproj -> C:\Users\George\Documents\3rd year project\Project\Debug\Vengine.lib
